<?xml version="1.0" encoding="UTF-8"?>
<!-- Generated by org.testng.reporters.JUnitReportReporter -->
<testsuite hostname="DESKTOP-86BK7C1" failures="0" tests="1" name="personal.selenium.framework.java.SeleniumWithJava.TestNGAnnotationSequenceExecution" time="0.006" errors="0" timestamp="23 Mar 2021 09:52:01 GMT" skipped="0">
  <testcase classname="personal.selenium.framework.java.SeleniumWithJava.TestNGAnnotationSequenceExecution" name="TestMethod" time="0.006"/>
</testsuite> <!-- personal.selenium.framework.java.SeleniumWithJava.TestNGAnnotationSequenceExecution -->
